C:\Program Files (x86)\Microsoft Visual Studio\2017\Community\Common7\IDE\VC\VCTargets\Microsoft.CppBuild.targets(391,5): warning MSB8028: El directorio intermedio (Release\) contiene archivos compartidos de otro proyecto (p3_01.vcxproj). Esto puede dar lugar a un comportamiento incorrecto de limpieza y recompilación.
  Camera.cpp
  Cylinder.cpp
  DirectionalLight.cpp
c:\users\lizze\documents\8vo_semestre\lab_grafica\proyecto_compu_grafica\directionallight.cpp(18): warning C4244: 'argumento': conversión de 'GLfloat' a 'GLint'; posible pérdida de datos
c:\users\lizze\documents\8vo_semestre\lab_grafica\proyecto_compu_grafica\directionallight.cpp(19): warning C4244: 'argumento': conversión de 'GLfloat' a 'GLint'; posible pérdida de datos
c:\users\lizze\documents\8vo_semestre\lab_grafica\proyecto_compu_grafica\directionallight.cpp(21): warning C4244: 'argumento': conversión de 'GLfloat' a 'GLint'; posible pérdida de datos
c:\users\lizze\documents\8vo_semestre\lab_grafica\proyecto_compu_grafica\directionallight.cpp(22): warning C4244: 'argumento': conversión de 'GLfloat' a 'GLint'; posible pérdida de datos
  Light.cpp
  PointLight.cpp
c:\users\lizze\documents\8vo_semestre\lab_grafica\proyecto_compu_grafica\pointlight.cpp(28): warning C4244: 'argumento': conversión de 'GLfloat' a 'GLint'; posible pérdida de datos
c:\users\lizze\documents\8vo_semestre\lab_grafica\proyecto_compu_grafica\pointlight.cpp(29): warning C4244: 'argumento': conversión de 'GLfloat' a 'GLint'; posible pérdida de datos
c:\users\lizze\documents\8vo_semestre\lab_grafica\proyecto_compu_grafica\pointlight.cpp(30): warning C4244: 'argumento': conversión de 'GLfloat' a 'GLint'; posible pérdida de datos
c:\users\lizze\documents\8vo_semestre\lab_grafica\proyecto_compu_grafica\pointlight.cpp(32): warning C4244: 'argumento': conversión de 'GLfloat' a 'GLint'; posible pérdida de datos
c:\users\lizze\documents\8vo_semestre\lab_grafica\proyecto_compu_grafica\pointlight.cpp(33): warning C4244: 'argumento': conversión de 'GLfloat' a 'GLint'; posible pérdida de datos
c:\users\lizze\documents\8vo_semestre\lab_grafica\proyecto_compu_grafica\pointlight.cpp(34): warning C4244: 'argumento': conversión de 'GLfloat' a 'GLint'; posible pérdida de datos
c:\users\lizze\documents\8vo_semestre\lab_grafica\proyecto_compu_grafica\pointlight.cpp(35): warning C4244: 'argumento': conversión de 'GLfloat' a 'GLint'; posible pérdida de datos
  practica10_alumno.cpp
c:\users\lizze\documents\8vo_semestre\lab_grafica\proyecto_compu_grafica\window.h(12): warning C4244: 'return': conversión de 'GLint' a 'GLfloat'; posible pérdida de datos
c:\users\lizze\documents\8vo_semestre\lab_grafica\proyecto_compu_grafica\window.h(13): warning C4244: 'return': conversión de 'GLint' a 'GLfloat'; posible pérdida de datos
c:\users\lizze\documents\8vo_semestre\lab_grafica\proyecto_compu_grafica\practica10_alumno.cpp(350): warning C4244: 'argumento': conversión de 'double' a 'GLfloat'; posible pérdida de datos
c:\users\lizze\documents\8vo_semestre\lab_grafica\proyecto_compu_grafica\practica10_alumno.cpp(388): warning C4244: 'inicializando': conversión de 'double' a 'GLfloat'; posible pérdida de datos
  Shader_light.cpp
c:\users\lizze\documents\8vo_semestre\lab_grafica\proyecto_compu_grafica\shader_light.cpp(202): warning C4244: 'argumento': conversión de 'GLuint' a 'GLfloat'; posible pérdida de datos
c:\users\lizze\documents\8vo_semestre\lab_grafica\proyecto_compu_grafica\shader_light.cpp(201): warning C4244: 'argumento': conversión de 'GLuint' a 'GLfloat'; posible pérdida de datos
c:\users\lizze\documents\8vo_semestre\lab_grafica\proyecto_compu_grafica\shader_light.cpp(215): warning C4244: 'argumento': conversión de 'GLuint' a 'GLfloat'; posible pérdida de datos
c:\users\lizze\documents\8vo_semestre\lab_grafica\proyecto_compu_grafica\shader_light.cpp(214): warning C4244: 'argumento': conversión de 'GLuint' a 'GLfloat'; posible pérdida de datos
c:\users\lizze\documents\8vo_semestre\lab_grafica\proyecto_compu_grafica\shader_light.cpp(213): warning C4244: 'argumento': conversión de 'GLuint' a 'GLfloat'; posible pérdida de datos
  Skybox.cpp
  Sphere.cpp
c:\users\lizze\documents\8vo_semestre\lab_grafica\proyecto_compu_grafica\sphere.cpp(37): warning C4244: 'inicializando': conversión de 'double' a 'float'; posible pérdida de datos
c:\users\lizze\documents\8vo_semestre\lab_grafica\proyecto_compu_grafica\sphere.cpp(41): warning C4244: 'inicializando': conversión de 'double' a 'float'; posible pérdida de datos
c:\users\lizze\documents\8vo_semestre\lab_grafica\proyecto_compu_grafica\sphere.cpp(66): warning C4244: 'inicializando': conversión de 'double' a 'float'; posible pérdida de datos
c:\users\lizze\documents\8vo_semestre\lab_grafica\proyecto_compu_grafica\sphere.cpp(70): warning C4244: 'inicializando': conversión de 'double' a 'float'; posible pérdida de datos
  SpotLight.cpp
  Generando código
  0 of 1111 functions ( 0.0%) were compiled, the rest were copied from previous compilation.
    0 functions were new in current compilation
    0 functions had inline decision re-evaluated but remain unchanged
  Generación de código finalizada
  p3_01.vcxproj -> C:\Users\lizze\Documents\8vo_semestre\lab_grafica\PROYECTO_COMPU_GRAFICA\Release\proyecto.exe
